<?xml version="1.0" encoding="UTF-8"?>
<testsuites tests="5" failures="0" disabled="0" errors="0" time="3.951" timestamp="2025-12-09T03:30:07.657" name="AllTests">
  <testsuite name="max_subarray_exh_SmallCases" tests="1" failures="0" disabled="0" skipped="0" errors="0" time="0." timestamp="2025-12-09T03:30:07.657">
    <testcase name="max_subarray_exh_SmallCases" file="poly_exp_test.cpp" line="16" status="run" result="completed" time="0." timestamp="2025-12-09T03:30:07.657" classname="max_subarray_exh_SmallCases" />
  </testsuite>
  <testsuite name="max_subarray_exh_LargeCases" tests="1" failures="0" disabled="0" skipped="0" errors="0" time="3.944" timestamp="2025-12-09T03:30:07.657">
    <testcase name="max_subarray_exh_LargeCases" file="poly_exp_test.cpp" line="63" status="run" result="completed" time="3.944" timestamp="2025-12-09T03:30:07.657" classname="max_subarray_exh_LargeCases" />
  </testsuite>
  <testsuite name="max_subarray_dbh_SmallCases" tests="1" failures="0" disabled="0" skipped="0" errors="0" time="0." timestamp="2025-12-09T03:30:11.602">
    <testcase name="max_subarray_dbh_SmallCases" file="poly_exp_test.cpp" line="84" status="run" result="completed" time="0." timestamp="2025-12-09T03:30:11.602" classname="max_subarray_dbh_SmallCases" />
  </testsuite>
  <testsuite name="max_subarray_dbh_LargeCases" tests="1" failures="0" disabled="0" skipped="0" errors="0" time="0." timestamp="2025-12-09T03:30:11.602">
    <testcase name="max_subarray_dbh_LargeCases" file="poly_exp_test.cpp" line="131" status="run" result="completed" time="0." timestamp="2025-12-09T03:30:11.602" classname="max_subarray_dbh_LargeCases" />
  </testsuite>
  <testsuite name="subset_sum_exh" tests="1" failures="0" disabled="0" skipped="0" errors="0" time="0.005" timestamp="2025-12-09T03:30:11.602">
    <testcase name="subset_sum_exh" file="poly_exp_test.cpp" line="152" status="run" result="completed" time="0.005" timestamp="2025-12-09T03:30:11.602" classname="subset_sum_exh" />
  </testsuite>
</testsuites>
